<?xml version="1.0" encoding="UTF-8"?>
<testsuite xmlns:xsi="http://www.w3.org/2001/XMLSchema-instance" xsi:noNamespaceSchemaLocation="https://maven.apache.org/surefire/maven-surefire-plugin/xsd/surefire-test-report-3.0.xsd" version="3.0" name="ua.ucu.test.DecoratorTest" time="0.025" tests="1" errors="1" skipped="0" failures="0">
  <properties>
    <property name="java.specification.version" value="21"/>
    <property name="sun.jnu.encoding" value="UTF-8"/>
    <property name="java.class.path" value="/Users/mariatsymbal/Desktop/lab10/target/test-classes:/Users/mariatsymbal/Desktop/lab10/target/classes:/Users/mariatsymbal/.m2/repository/org/projectlombok/lombok/1.18.34/lombok-1.18.34.jar:/Users/mariatsymbal/.m2/repository/com/google/cloud/google-cloud-vision/3.51.0/google-cloud-vision-3.51.0.jar:/Users/mariatsymbal/.m2/repository/io/grpc/grpc-api/1.67.1/grpc-api-1.67.1.jar:/Users/mariatsymbal/.m2/repository/com/google/code/findbugs/jsr305/3.0.2/jsr305-3.0.2.jar:/Users/mariatsymbal/.m2/repository/com/google/errorprone/error_prone_annotations/2.35.1/error_prone_annotations-2.35.1.jar:/Users/mariatsymbal/.m2/repository/io/grpc/grpc-stub/1.67.1/grpc-stub-1.67.1.jar:/Users/mariatsymbal/.m2/repository/io/grpc/grpc-protobuf/1.67.1/grpc-protobuf-1.67.1.jar:/Users/mariatsymbal/.m2/repository/io/grpc/grpc-protobuf-lite/1.67.1/grpc-protobuf-lite-1.67.1.jar:/Users/mariatsymbal/.m2/repository/com/google/api/api-common/2.40.0/api-common-2.40.0.jar:/Users/mariatsymbal/.m2/repository/com/google/auto/value/auto-value-annotations/1.11.0/auto-value-annotations-1.11.0.jar:/Users/mariatsymbal/.m2/repository/javax/annotation/javax.annotation-api/1.3.2/javax.annotation-api-1.3.2.jar:/Users/mariatsymbal/.m2/repository/com/google/j2objc/j2objc-annotations/3.0.0/j2objc-annotations-3.0.0.jar:/Users/mariatsymbal/.m2/repository/com/google/protobuf/protobuf-java/3.25.5/protobuf-java-3.25.5.jar:/Users/mariatsymbal/.m2/repository/com/google/api/grpc/proto-google-common-protos/2.48.0/proto-google-common-protos-2.48.0.jar:/Users/mariatsymbal/.m2/repository/com/google/api/grpc/proto-google-cloud-vision-v1p4beta1/0.140.0/proto-google-cloud-vision-v1p4beta1-0.140.0.jar:/Users/mariatsymbal/.m2/repository/com/google/api/grpc/proto-google-cloud-vision-v1/3.51.0/proto-google-cloud-vision-v1-3.51.0.jar:/Users/mariatsymbal/.m2/repository/com/google/api/grpc/proto-google-cloud-vision-v1p1beta1/0.140.0/proto-google-cloud-vision-v1p1beta1-0.140.0.jar:/Users/mariatsymbal/.m2/repository/com/google/api/grpc/proto-google-cloud-vision-v1p3beta1/0.140.0/proto-google-cloud-vision-v1p3beta1-0.140.0.jar:/Users/mariatsymbal/.m2/repository/com/google/api/grpc/proto-google-cloud-vision-v1p2beta1/3.51.0/proto-google-cloud-vision-v1p2beta1-3.51.0.jar:/Users/mariatsymbal/.m2/repository/com/google/guava/guava/33.3.1-jre/guava-33.3.1-jre.jar:/Users/mariatsymbal/.m2/repository/com/google/guava/failureaccess/1.0.2/failureaccess-1.0.2.jar:/Users/mariatsymbal/.m2/repository/com/google/guava/listenablefuture/9999.0-empty-to-avoid-conflict-with-guava/listenablefuture-9999.0-empty-to-avoid-conflict-with-guava.jar:/Users/mariatsymbal/.m2/repository/org/checkerframework/checker-qual/3.47.0/checker-qual-3.47.0.jar:/Users/mariatsymbal/.m2/repository/com/google/api/gax/2.57.0/gax-2.57.0.jar:/Users/mariatsymbal/.m2/repository/com/google/auth/google-auth-library-credentials/1.29.0/google-auth-library-credentials-1.29.0.jar:/Users/mariatsymbal/.m2/repository/io/opencensus/opencensus-api/0.31.1/opencensus-api-0.31.1.jar:/Users/mariatsymbal/.m2/repository/io/grpc/grpc-context/1.67.1/grpc-context-1.67.1.jar:/Users/mariatsymbal/.m2/repository/com/google/auth/google-auth-library-oauth2-http/1.29.0/google-auth-library-oauth2-http-1.29.0.jar:/Users/mariatsymbal/.m2/repository/com/google/api/gax-grpc/2.57.0/gax-grpc-2.57.0.jar:/Users/mariatsymbal/.m2/repository/io/grpc/grpc-inprocess/1.67.1/grpc-inprocess-1.67.1.jar:/Users/mariatsymbal/.m2/repository/io/grpc/grpc-core/1.67.1/grpc-core-1.67.1.jar:/Users/mariatsymbal/.m2/repository/com/google/android/annotations/4.1.1.4/annotations-4.1.1.4.jar:/Users/mariatsymbal/.m2/repository/org/codehaus/mojo/animal-sniffer-annotations/1.24/animal-sniffer-annotations-1.24.jar:/Users/mariatsymbal/.m2/repository/io/grpc/grpc-alts/1.67.1/grpc-alts-1.67.1.jar:/Users/mariatsymbal/.m2/repository/io/grpc/grpc-grpclb/1.67.1/grpc-grpclb-1.67.1.jar:/Users/mariatsymbal/.m2/repository/org/conscrypt/conscrypt-openjdk-uber/2.5.2/conscrypt-openjdk-uber-2.5.2.jar:/Users/mariatsymbal/.m2/repository/io/grpc/grpc-auth/1.67.1/grpc-auth-1.67.1.jar:/Users/mariatsymbal/.m2/repository/io/grpc/grpc-netty-shaded/1.67.1/grpc-netty-shaded-1.67.1.jar:/Users/mariatsymbal/.m2/repository/io/grpc/grpc-util/1.67.1/grpc-util-1.67.1.jar:/Users/mariatsymbal/.m2/repository/io/perfmark/perfmark-api/0.27.0/perfmark-api-0.27.0.jar:/Users/mariatsymbal/.m2/repository/io/grpc/grpc-googleapis/1.67.1/grpc-googleapis-1.67.1.jar:/Users/mariatsymbal/.m2/repository/io/grpc/grpc-xds/1.67.1/grpc-xds-1.67.1.jar:/Users/mariatsymbal/.m2/repository/io/grpc/grpc-services/1.67.1/grpc-services-1.67.1.jar:/Users/mariatsymbal/.m2/repository/com/google/re2j/re2j/1.7/re2j-1.7.jar:/Users/mariatsymbal/.m2/repository/com/google/api/gax-httpjson/2.57.0/gax-httpjson-2.57.0.jar:/Users/mariatsymbal/.m2/repository/com/google/code/gson/gson/2.11.0/gson-2.11.0.jar:/Users/mariatsymbal/.m2/repository/com/google/http-client/google-http-client/1.45.0/google-http-client-1.45.0.jar:/Users/mariatsymbal/.m2/repository/org/apache/httpcomponents/httpclient/4.5.14/httpclient-4.5.14.jar:/Users/mariatsymbal/.m2/repository/commons-codec/commons-codec/1.17.1/commons-codec-1.17.1.jar:/Users/mariatsymbal/.m2/repository/org/apache/httpcomponents/httpcore/4.4.16/httpcore-4.4.16.jar:/Users/mariatsymbal/.m2/repository/io/opencensus/opencensus-contrib-http-util/0.31.1/opencensus-contrib-http-util-0.31.1.jar:/Users/mariatsymbal/.m2/repository/com/google/http-client/google-http-client-gson/1.45.0/google-http-client-gson-1.45.0.jar:/Users/mariatsymbal/.m2/repository/com/google/protobuf/protobuf-java-util/3.25.5/protobuf-java-util-3.25.5.jar:/Users/mariatsymbal/.m2/repository/org/threeten/threetenbp/1.7.0/threetenbp-1.7.0.jar:/Users/mariatsymbal/.m2/repository/org/xerial/sqlite-jdbc/3.47.0.0/sqlite-jdbc-3.47.0.0.jar:/Users/mariatsymbal/.m2/repository/org/junit/jupiter/junit-jupiter-api/5.11.3/junit-jupiter-api-5.11.3.jar:/Users/mariatsymbal/.m2/repository/org/opentest4j/opentest4j/1.3.0/opentest4j-1.3.0.jar:/Users/mariatsymbal/.m2/repository/org/junit/platform/junit-platform-commons/1.11.3/junit-platform-commons-1.11.3.jar:/Users/mariatsymbal/.m2/repository/org/apiguardian/apiguardian-api/1.1.2/apiguardian-api-1.1.2.jar:/Users/mariatsymbal/.m2/repository/org/testng/testng/7.10.2/testng-7.10.2.jar:/Users/mariatsymbal/.m2/repository/org/slf4j/slf4j-api/1.7.36/slf4j-api-1.7.36.jar:/Users/mariatsymbal/.m2/repository/com/beust/jcommander/1.82/jcommander-1.82.jar:/Users/mariatsymbal/.m2/repository/org/webjars/jquery/3.7.1/jquery-3.7.1.jar:/Users/mariatsymbal/.m2/repository/org/junit/jupiter/junit-jupiter-engine/5.11.3/junit-jupiter-engine-5.11.3.jar:/Users/mariatsymbal/.m2/repository/org/junit/platform/junit-platform-engine/1.11.3/junit-platform-engine-1.11.3.jar:"/>
    <property name="java.vm.vendor" value="Oracle Corporation"/>
    <property name="sun.arch.data.model" value="64"/>
    <property name="java.vendor.url" value="https://java.oracle.com/"/>
    <property name="os.name" value="Mac OS X"/>
    <property name="java.vm.specification.version" value="21"/>
    <property name="sun.java.launcher" value="SUN_STANDARD"/>
    <property name="user.country" value="UA"/>
    <property name="sun.boot.library.path" value="/Library/Java/JavaVirtualMachines/jdk-21.jdk/Contents/Home/lib"/>
    <property name="sun.java.command" value="/Users/mariatsymbal/Desktop/lab10/target/surefire/surefirebooter-20241117004205604_3.jar /Users/mariatsymbal/Desktop/lab10/target/surefire 2024-11-17T00-42-05_480-jvmRun1 surefire-20241117004205604_1tmp surefire_0-20241117004205604_2tmp"/>
    <property name="http.nonProxyHosts" value="local|*.local|169.254/16|*.169.254/16"/>
    <property name="jdk.debug" value="release"/>
    <property name="surefire.test.class.path" value="/Users/mariatsymbal/Desktop/lab10/target/test-classes:/Users/mariatsymbal/Desktop/lab10/target/classes:/Users/mariatsymbal/.m2/repository/org/projectlombok/lombok/1.18.34/lombok-1.18.34.jar:/Users/mariatsymbal/.m2/repository/com/google/cloud/google-cloud-vision/3.51.0/google-cloud-vision-3.51.0.jar:/Users/mariatsymbal/.m2/repository/io/grpc/grpc-api/1.67.1/grpc-api-1.67.1.jar:/Users/mariatsymbal/.m2/repository/com/google/code/findbugs/jsr305/3.0.2/jsr305-3.0.2.jar:/Users/mariatsymbal/.m2/repository/com/google/errorprone/error_prone_annotations/2.35.1/error_prone_annotations-2.35.1.jar:/Users/mariatsymbal/.m2/repository/io/grpc/grpc-stub/1.67.1/grpc-stub-1.67.1.jar:/Users/mariatsymbal/.m2/repository/io/grpc/grpc-protobuf/1.67.1/grpc-protobuf-1.67.1.jar:/Users/mariatsymbal/.m2/repository/io/grpc/grpc-protobuf-lite/1.67.1/grpc-protobuf-lite-1.67.1.jar:/Users/mariatsymbal/.m2/repository/com/google/api/api-common/2.40.0/api-common-2.40.0.jar:/Users/mariatsymbal/.m2/repository/com/google/auto/value/auto-value-annotations/1.11.0/auto-value-annotations-1.11.0.jar:/Users/mariatsymbal/.m2/repository/javax/annotation/javax.annotation-api/1.3.2/javax.annotation-api-1.3.2.jar:/Users/mariatsymbal/.m2/repository/com/google/j2objc/j2objc-annotations/3.0.0/j2objc-annotations-3.0.0.jar:/Users/mariatsymbal/.m2/repository/com/google/protobuf/protobuf-java/3.25.5/protobuf-java-3.25.5.jar:/Users/mariatsymbal/.m2/repository/com/google/api/grpc/proto-google-common-protos/2.48.0/proto-google-common-protos-2.48.0.jar:/Users/mariatsymbal/.m2/repository/com/google/api/grpc/proto-google-cloud-vision-v1p4beta1/0.140.0/proto-google-cloud-vision-v1p4beta1-0.140.0.jar:/Users/mariatsymbal/.m2/repository/com/google/api/grpc/proto-google-cloud-vision-v1/3.51.0/proto-google-cloud-vision-v1-3.51.0.jar:/Users/mariatsymbal/.m2/repository/com/google/api/grpc/proto-google-cloud-vision-v1p1beta1/0.140.0/proto-google-cloud-vision-v1p1beta1-0.140.0.jar:/Users/mariatsymbal/.m2/repository/com/google/api/grpc/proto-google-cloud-vision-v1p3beta1/0.140.0/proto-google-cloud-vision-v1p3beta1-0.140.0.jar:/Users/mariatsymbal/.m2/repository/com/google/api/grpc/proto-google-cloud-vision-v1p2beta1/3.51.0/proto-google-cloud-vision-v1p2beta1-3.51.0.jar:/Users/mariatsymbal/.m2/repository/com/google/guava/guava/33.3.1-jre/guava-33.3.1-jre.jar:/Users/mariatsymbal/.m2/repository/com/google/guava/failureaccess/1.0.2/failureaccess-1.0.2.jar:/Users/mariatsymbal/.m2/repository/com/google/guava/listenablefuture/9999.0-empty-to-avoid-conflict-with-guava/listenablefuture-9999.0-empty-to-avoid-conflict-with-guava.jar:/Users/mariatsymbal/.m2/repository/org/checkerframework/checker-qual/3.47.0/checker-qual-3.47.0.jar:/Users/mariatsymbal/.m2/repository/com/google/api/gax/2.57.0/gax-2.57.0.jar:/Users/mariatsymbal/.m2/repository/com/google/auth/google-auth-library-credentials/1.29.0/google-auth-library-credentials-1.29.0.jar:/Users/mariatsymbal/.m2/repository/io/opencensus/opencensus-api/0.31.1/opencensus-api-0.31.1.jar:/Users/mariatsymbal/.m2/repository/io/grpc/grpc-context/1.67.1/grpc-context-1.67.1.jar:/Users/mariatsymbal/.m2/repository/com/google/auth/google-auth-library-oauth2-http/1.29.0/google-auth-library-oauth2-http-1.29.0.jar:/Users/mariatsymbal/.m2/repository/com/google/api/gax-grpc/2.57.0/gax-grpc-2.57.0.jar:/Users/mariatsymbal/.m2/repository/io/grpc/grpc-inprocess/1.67.1/grpc-inprocess-1.67.1.jar:/Users/mariatsymbal/.m2/repository/io/grpc/grpc-core/1.67.1/grpc-core-1.67.1.jar:/Users/mariatsymbal/.m2/repository/com/google/android/annotations/4.1.1.4/annotations-4.1.1.4.jar:/Users/mariatsymbal/.m2/repository/org/codehaus/mojo/animal-sniffer-annotations/1.24/animal-sniffer-annotations-1.24.jar:/Users/mariatsymbal/.m2/repository/io/grpc/grpc-alts/1.67.1/grpc-alts-1.67.1.jar:/Users/mariatsymbal/.m2/repository/io/grpc/grpc-grpclb/1.67.1/grpc-grpclb-1.67.1.jar:/Users/mariatsymbal/.m2/repository/org/conscrypt/conscrypt-openjdk-uber/2.5.2/conscrypt-openjdk-uber-2.5.2.jar:/Users/mariatsymbal/.m2/repository/io/grpc/grpc-auth/1.67.1/grpc-auth-1.67.1.jar:/Users/mariatsymbal/.m2/repository/io/grpc/grpc-netty-shaded/1.67.1/grpc-netty-shaded-1.67.1.jar:/Users/mariatsymbal/.m2/repository/io/grpc/grpc-util/1.67.1/grpc-util-1.67.1.jar:/Users/mariatsymbal/.m2/repository/io/perfmark/perfmark-api/0.27.0/perfmark-api-0.27.0.jar:/Users/mariatsymbal/.m2/repository/io/grpc/grpc-googleapis/1.67.1/grpc-googleapis-1.67.1.jar:/Users/mariatsymbal/.m2/repository/io/grpc/grpc-xds/1.67.1/grpc-xds-1.67.1.jar:/Users/mariatsymbal/.m2/repository/io/grpc/grpc-services/1.67.1/grpc-services-1.67.1.jar:/Users/mariatsymbal/.m2/repository/com/google/re2j/re2j/1.7/re2j-1.7.jar:/Users/mariatsymbal/.m2/repository/com/google/api/gax-httpjson/2.57.0/gax-httpjson-2.57.0.jar:/Users/mariatsymbal/.m2/repository/com/google/code/gson/gson/2.11.0/gson-2.11.0.jar:/Users/mariatsymbal/.m2/repository/com/google/http-client/google-http-client/1.45.0/google-http-client-1.45.0.jar:/Users/mariatsymbal/.m2/repository/org/apache/httpcomponents/httpclient/4.5.14/httpclient-4.5.14.jar:/Users/mariatsymbal/.m2/repository/commons-codec/commons-codec/1.17.1/commons-codec-1.17.1.jar:/Users/mariatsymbal/.m2/repository/org/apache/httpcomponents/httpcore/4.4.16/httpcore-4.4.16.jar:/Users/mariatsymbal/.m2/repository/io/opencensus/opencensus-contrib-http-util/0.31.1/opencensus-contrib-http-util-0.31.1.jar:/Users/mariatsymbal/.m2/repository/com/google/http-client/google-http-client-gson/1.45.0/google-http-client-gson-1.45.0.jar:/Users/mariatsymbal/.m2/repository/com/google/protobuf/protobuf-java-util/3.25.5/protobuf-java-util-3.25.5.jar:/Users/mariatsymbal/.m2/repository/org/threeten/threetenbp/1.7.0/threetenbp-1.7.0.jar:/Users/mariatsymbal/.m2/repository/org/xerial/sqlite-jdbc/3.47.0.0/sqlite-jdbc-3.47.0.0.jar:/Users/mariatsymbal/.m2/repository/org/junit/jupiter/junit-jupiter-api/5.11.3/junit-jupiter-api-5.11.3.jar:/Users/mariatsymbal/.m2/repository/org/opentest4j/opentest4j/1.3.0/opentest4j-1.3.0.jar:/Users/mariatsymbal/.m2/repository/org/junit/platform/junit-platform-commons/1.11.3/junit-platform-commons-1.11.3.jar:/Users/mariatsymbal/.m2/repository/org/apiguardian/apiguardian-api/1.1.2/apiguardian-api-1.1.2.jar:/Users/mariatsymbal/.m2/repository/org/testng/testng/7.10.2/testng-7.10.2.jar:/Users/mariatsymbal/.m2/repository/org/slf4j/slf4j-api/1.7.36/slf4j-api-1.7.36.jar:/Users/mariatsymbal/.m2/repository/com/beust/jcommander/1.82/jcommander-1.82.jar:/Users/mariatsymbal/.m2/repository/org/webjars/jquery/3.7.1/jquery-3.7.1.jar:/Users/mariatsymbal/.m2/repository/org/junit/jupiter/junit-jupiter-engine/5.11.3/junit-jupiter-engine-5.11.3.jar:/Users/mariatsymbal/.m2/repository/org/junit/platform/junit-platform-engine/1.11.3/junit-platform-engine-1.11.3.jar:"/>
    <property name="sun.cpu.endian" value="little"/>
    <property name="user.home" value="/Users/mariatsymbal"/>
    <property name="user.language" value="uk"/>
    <property name="java.specification.vendor" value="Oracle Corporation"/>
    <property name="java.version.date" value="2024-07-16"/>
    <property name="java.home" value="/Library/Java/JavaVirtualMachines/jdk-21.jdk/Contents/Home"/>
    <property name="file.separator" value="/"/>
    <property name="basedir" value="/Users/mariatsymbal/Desktop/lab10"/>
    <property name="java.vm.compressedOopsMode" value="Zero based"/>
    <property name="line.separator" value="&#10;"/>
    <property name="java.vm.specification.vendor" value="Oracle Corporation"/>
    <property name="java.specification.name" value="Java Platform API Specification"/>
    <property name="apple.awt.application.name" value="ForkedBooter"/>
    <property name="surefire.real.class.path" value="/Users/mariatsymbal/Desktop/lab10/target/surefire/surefirebooter-20241117004205604_3.jar"/>
    <property name="sun.management.compiler" value="HotSpot 64-Bit Tiered Compilers"/>
    <property name="ftp.nonProxyHosts" value="local|*.local|169.254/16|*.169.254/16"/>
    <property name="java.runtime.version" value="21.0.4+8-LTS-274"/>
    <property name="user.name" value="mariatsymbal"/>
    <property name="stdout.encoding" value="UTF-8"/>
    <property name="path.separator" value=":"/>
    <property name="os.version" value="12.3"/>
    <property name="java.runtime.name" value="Java(TM) SE Runtime Environment"/>
    <property name="file.encoding" value="UTF-8"/>
    <property name="java.vm.name" value="Java HotSpot(TM) 64-Bit Server VM"/>
    <property name="localRepository" value="/Users/mariatsymbal/.m2/repository"/>
    <property name="java.vendor.url.bug" value="https://bugreport.java.com/bugreport/"/>
    <property name="java.io.tmpdir" value="/var/folders/b6/4xwztb_s39j1fp34ss40j_qr0000gn/T/"/>
    <property name="java.version" value="21.0.4"/>
    <property name="user.dir" value="/Users/mariatsymbal/Desktop/lab10"/>
    <property name="os.arch" value="aarch64"/>
    <property name="java.vm.specification.name" value="Java Virtual Machine Specification"/>
    <property name="native.encoding" value="UTF-8"/>
    <property name="java.library.path" value="/Users/mariatsymbal/Library/Java/Extensions:/Library/Java/Extensions:/Network/Library/Java/Extensions:/System/Library/Java/Extensions:/usr/lib/java:."/>
    <property name="java.vm.info" value="mixed mode, sharing"/>
    <property name="stderr.encoding" value="UTF-8"/>
    <property name="java.vendor" value="Oracle Corporation"/>
    <property name="java.vm.version" value="21.0.4+8-LTS-274"/>
    <property name="sun.io.unicode.encoding" value="UnicodeBig"/>
    <property name="socksNonProxyHosts" value="local|*.local|169.254/16|*.169.254/16"/>
    <property name="java.class.version" value="65.0"/>
  </properties>
  <testcase name="testTimedDocument" classname="ua.ucu.test.DecoratorTest" time="0.012">
    <error message="Unresolved compilation problem: &#10;	Assert cannot be resolved&#10;" type="java.lang.Error"><![CDATA[java.lang.Error: 
Unresolved compilation problem: 
	Assert cannot be resolved

	at ua.ucu.test.DecoratorTest.testTimedDocument(DecoratorTest.java:16)
	at java.base/java.lang.reflect.Method.invoke(Method.java:580)
	at java.base/java.util.ArrayList.forEach(ArrayList.java:1596)
	at java.base/java.util.ArrayList.forEach(ArrayList.java:1596)
]]></error>
  </testcase>
</testsuite>